2022-03-29 13:15:51,502 [Worker-3: Loading available Gradle versions] INFO  c.g.t.t.d.PublishedGradleVersions - Gradle version information cache is out-of-date. Trying to update.
2022-03-29 13:28:44,699 [Worker-11: Periodic workspace save.] ERROR o.e.m.c.i.p.r.ProjectRegistryReader - Can't write workspace state
java.io.FileNotFoundException: /home/student/Progetto/floodlight/.metadata/.plugins/org.eclipse.m2e.core/workspaceState.ser (No such file or directory)
	at java.io.FileOutputStream.open0(Native Method) ~[na:1.8.0_181]
	at java.io.FileOutputStream.open(FileOutputStream.java:270) ~[na:1.8.0_181]
	at java.io.FileOutputStream.<init>(FileOutputStream.java:213) ~[na:1.8.0_181]
	at java.io.FileOutputStream.<init>(FileOutputStream.java:162) ~[na:1.8.0_181]
	at org.eclipse.m2e.core.internal.project.registry.ProjectRegistryReader.writeWorkspaceState(ProjectRegistryReader.java:127) ~[org.eclipse.m2e.core_1.9.1.20180912-1601.jar:na]
	at org.eclipse.m2e.core.internal.project.registry.ProjectRegistryManager.writeWorkspaceState(ProjectRegistryManager.java:935) [org.eclipse.m2e.core_1.9.1.20180912-1601.jar:na]
	at org.eclipse.m2e.core.internal.MavenPluginActivator$2.saving(MavenPluginActivator.java:150) [org.eclipse.m2e.core_1.9.1.20180912-1601.jar:na]
	at org.eclipse.core.internal.resources.SaveManager.executeLifecycle(SaveManager.java:384) [org.eclipse.core.resources_3.13.100.v20180828-0158.jar:na]
	at org.eclipse.core.internal.resources.SaveManager$1.run(SaveManager.java:201) [org.eclipse.core.resources_3.13.100.v20180828-0158.jar:na]
	at org.eclipse.core.runtime.SafeRunner.run(SafeRunner.java:45) [org.eclipse.equinox.common_3.10.100.v20180827-1235.jar:na]
	at org.eclipse.core.internal.resources.SaveManager.broadcastLifecycle(SaveManager.java:204) [org.eclipse.core.resources_3.13.100.v20180828-0158.jar:na]
	at org.eclipse.core.internal.resources.SaveManager.save(SaveManager.java:1169) [org.eclipse.core.resources_3.13.100.v20180828-0158.jar:na]
	at org.eclipse.core.internal.resources.SaveManager.save(SaveManager.java:1148) [org.eclipse.core.resources_3.13.100.v20180828-0158.jar:na]
	at org.eclipse.core.internal.resources.DelayedSnapshotJob.run(DelayedSnapshotJob.java:55) [org.eclipse.core.resources_3.13.100.v20180828-0158.jar:na]
	at org.eclipse.core.internal.jobs.Worker.run(Worker.java:63) [org.eclipse.core.jobs_3.10.100.v20180817-1215.jar:na]
2022-03-29 13:33:47,630 [Worker-18: Periodic workspace save.] ERROR o.e.m.c.i.p.r.ProjectRegistryReader - Can't write workspace state
java.io.FileNotFoundException: /home/student/Progetto/floodlight/.metadata/.plugins/org.eclipse.m2e.core/workspaceState.ser (No such file or directory)
	at java.io.FileOutputStream.open0(Native Method) ~[na:1.8.0_181]
	at java.io.FileOutputStream.open(FileOutputStream.java:270) ~[na:1.8.0_181]
	at java.io.FileOutputStream.<init>(FileOutputStream.java:213) ~[na:1.8.0_181]
	at java.io.FileOutputStream.<init>(FileOutputStream.java:162) ~[na:1.8.0_181]
	at org.eclipse.m2e.core.internal.project.registry.ProjectRegistryReader.writeWorkspaceState(ProjectRegistryReader.java:127) ~[org.eclipse.m2e.core_1.9.1.20180912-1601.jar:na]
	at org.eclipse.m2e.core.internal.project.registry.ProjectRegistryManager.writeWorkspaceState(ProjectRegistryManager.java:935) [org.eclipse.m2e.core_1.9.1.20180912-1601.jar:na]
	at org.eclipse.m2e.core.internal.MavenPluginActivator$2.saving(MavenPluginActivator.java:150) [org.eclipse.m2e.core_1.9.1.20180912-1601.jar:na]
	at org.eclipse.core.internal.resources.SaveManager.executeLifecycle(SaveManager.java:384) [org.eclipse.core.resources_3.13.100.v20180828-0158.jar:na]
	at org.eclipse.core.internal.resources.SaveManager$1.run(SaveManager.java:201) [org.eclipse.core.resources_3.13.100.v20180828-0158.jar:na]
	at org.eclipse.core.runtime.SafeRunner.run(SafeRunner.java:45) [org.eclipse.equinox.common_3.10.100.v20180827-1235.jar:na]
	at org.eclipse.core.internal.resources.SaveManager.broadcastLifecycle(SaveManager.java:204) [org.eclipse.core.resources_3.13.100.v20180828-0158.jar:na]
	at org.eclipse.core.internal.resources.SaveManager.save(SaveManager.java:1169) [org.eclipse.core.resources_3.13.100.v20180828-0158.jar:na]
	at org.eclipse.core.internal.resources.SaveManager.save(SaveManager.java:1148) [org.eclipse.core.resources_3.13.100.v20180828-0158.jar:na]
	at org.eclipse.core.internal.resources.DelayedSnapshotJob.run(DelayedSnapshotJob.java:55) [org.eclipse.core.resources_3.13.100.v20180828-0158.jar:na]
	at org.eclipse.core.internal.jobs.Worker.run(Worker.java:63) [org.eclipse.core.jobs_3.10.100.v20180817-1215.jar:na]
2022-03-29 13:36:07,673 [ModalContext] ERROR o.e.m.c.i.p.r.ProjectRegistryReader - Can't write workspace state
java.io.FileNotFoundException: /home/student/Progetto/floodlight/.metadata/.plugins/org.eclipse.m2e.core/workspaceState.ser (No such file or directory)
	at java.io.FileOutputStream.open0(Native Method) ~[na:1.8.0_181]
	at java.io.FileOutputStream.open(FileOutputStream.java:270) ~[na:1.8.0_181]
	at java.io.FileOutputStream.<init>(FileOutputStream.java:213) ~[na:1.8.0_181]
	at java.io.FileOutputStream.<init>(FileOutputStream.java:162) ~[na:1.8.0_181]
	at org.eclipse.m2e.core.internal.project.registry.ProjectRegistryReader.writeWorkspaceState(ProjectRegistryReader.java:127) ~[org.eclipse.m2e.core_1.9.1.20180912-1601.jar:na]
	at org.eclipse.m2e.core.internal.project.registry.ProjectRegistryManager.writeWorkspaceState(ProjectRegistryManager.java:935) [org.eclipse.m2e.core_1.9.1.20180912-1601.jar:na]
	at org.eclipse.m2e.core.internal.MavenPluginActivator$2.saving(MavenPluginActivator.java:150) [org.eclipse.m2e.core_1.9.1.20180912-1601.jar:na]
	at org.eclipse.core.internal.resources.SaveManager.executeLifecycle(SaveManager.java:384) [org.eclipse.core.resources_3.13.100.v20180828-0158.jar:na]
	at org.eclipse.core.internal.resources.SaveManager$1.run(SaveManager.java:201) [org.eclipse.core.resources_3.13.100.v20180828-0158.jar:na]
	at org.eclipse.core.runtime.SafeRunner.run(SafeRunner.java:45) [org.eclipse.equinox.common_3.10.100.v20180827-1235.jar:na]
	at org.eclipse.core.internal.resources.SaveManager.broadcastLifecycle(SaveManager.java:204) [org.eclipse.core.resources_3.13.100.v20180828-0158.jar:na]
	at org.eclipse.core.internal.resources.SaveManager.save(SaveManager.java:1169) [org.eclipse.core.resources_3.13.100.v20180828-0158.jar:na]
	at org.eclipse.core.internal.resources.Workspace.save(Workspace.java:2335) [org.eclipse.core.resources_3.13.100.v20180828-0158.jar:na]
	at org.eclipse.ui.internal.ide.application.IDEWorkbenchAdvisor$5.run(IDEWorkbenchAdvisor.java:529) [org.eclipse.ui.ide.application_1.3.0.v20180828-1350.jar:na]
	at org.eclipse.jface.operation.ModalContext$ModalContextThread.run(ModalContext.java:122) [org.eclipse.jface_3.14.100.v20180828-0836.jar:na]
